[2022-07-27 00:52:57,453] INFO 130 configuration.py get_training_pipeline_config() Training pipleine config: TrainingPipelineConfig(artifact_dir='D:\\Storessalesproject\\storessales\\artifact')
[2022-07-27 00:52:57,454] INFO 68 configuration.py get_data_ingestion_config() Data Ingestion config: DataIngestionConfig(dataset_download_url='https://github.com/krishnavizster/storedatatgz/blob/main/storessalesdata.tgz', tgz_download_dir='D:\\Storessalesproject\\storessales\\artifact\\data_ingestion\\2022-07-27-00-52-55\\tgz_data', raw_data_dir='D:\\Storessalesproject\\storessales\\artifact\\data_ingestion\\2022-07-27-00-52-55\\raw_data', ingested_train_dir='D:\\Storessalesproject\\storessales\\artifact\\data_ingestion\\2022-07-27-00-52-55\\ingested_data\\train', ingested_test_dir='D:\\Storessalesproject\\storessales\\artifact\\data_ingestion\\2022-07-27-00-52-55\\ingested_data\\test')
[2022-07-27 00:52:57,454] INFO 21 data_injection.py __init__() >>>>>>>>>>>>>>>>>>>>>>>>>>>>>>>>>>>>>>>>Data Ingestion log started.<<<<<<<<<<<<<<<<<<<<<<<<<<<<<<<<<<<<<<<< 
[2022-07-27 00:52:57,455] INFO 42 data_injection.py download_storessales_data() Downloading file from :[https://github.com/krishnavizster/storedatatgz/blob/main/storessalesdata.tgz] into :[D:\Storessalesproject\storessales\artifact\data_ingestion\2022-07-27-00-52-55\tgz_data\storessalesdata.tgz]
[2022-07-27 00:52:58,249] INFO 44 data_injection.py download_storessales_data() File :[D:\Storessalesproject\storessales\artifact\data_ingestion\2022-07-27-00-52-55\tgz_data\storessalesdata.tgz] has been downloaded successfully.
[2022-07-27 00:52:58,250] INFO 59 data_injection.py extract_tgz_file() Extracting tgz file: [D:\Storessalesproject\storessales\artifact\data_ingestion\2022-07-27-00-52-55\tgz_data\storessalesdata.tgz] into dir: [D:\Storessalesproject\storessales\artifact\data_ingestion\2022-07-27-00-52-55\raw_data]
[2022-07-27 00:52:58,252] ERROR 16 demo.py main() 
        Error occured in script: 
        [ D:\Storessalesproject\storessales\pipeline\pipeline.py ] at 
        try block line number: [68] and exception block line number: [70] 
        error message: [
        Error occured in script: 
        [ D:\Storessalesproject\storessales\pipeline\pipeline.py ] at 
        try block line number: [45] and exception block line number: [48] 
        error message: [
        Error occured in script: 
        [ D:\Storessalesproject\storessales\component\data_injection.py ] at 
        try block line number: [127] and exception block line number: [130] 
        error message: [
        Error occured in script: 
        [ D:\Storessalesproject\storessales\component\data_injection.py ] at 
        try block line number: [60] and exception block line number: [65] 
        error message: [file could not be opened successfully]
        ]
        ]
        ]
        
[2022-07-27 00:52:58,267] INFO 135 data_injection.py __del__() >>>>>>>>>>>>>>>>>>>>>>>>>>>>>>>>>>>>>>>>Data Ingestion log completed.<<<<<<<<<<<<<<<<<<<<<<<<<<<<<<<<<<<<<<<< 


