[2022-07-28 02:56:55,739] INFO 130 configuration.py get_training_pipeline_config() Training pipleine config: TrainingPipelineConfig(artifact_dir='D:\\Storessalesproject\\storessales\\artifact')
[2022-07-28 02:56:55,740] INFO 68 configuration.py get_data_ingestion_config() Data Ingestion config: DataIngestionConfig(dataset_download_url='https://github.com/krishnavizster/storedatatgz/raw/main/storessalesdata.tgz', tgz_download_dir='D:\\Storessalesproject\\storessales\\artifact\\data_ingestion\\2022-07-28-02-56-54\\tgz_data', raw_data_dir='D:\\Storessalesproject\\storessales\\artifact\\data_ingestion\\2022-07-28-02-56-54\\raw_data', ingested_train_dir='D:\\Storessalesproject\\storessales\\artifact\\data_ingestion\\2022-07-28-02-56-54\\ingested_data\\train', ingested_test_dir='D:\\Storessalesproject\\storessales\\artifact\\data_ingestion\\2022-07-28-02-56-54\\ingested_data\\test')
[2022-07-28 02:56:55,740] INFO 21 data_ingestion.py __init__() >>>>>>>>>>>>>>>>>>>>>>>>>>>>>>>>>>>>>>>>Data Ingestion log started.<<<<<<<<<<<<<<<<<<<<<<<<<<<<<<<<<<<<<<<< 
[2022-07-28 02:56:55,741] INFO 43 data_ingestion.py download_storessales_data() Downloading file from :[https://github.com/krishnavizster/storedatatgz/raw/main/storessalesdata.tgz] into :[D:\Storessalesproject\storessales\artifact\data_ingestion\2022-07-28-02-56-54\tgz_data\storessalesdata.tgz]
[2022-07-28 02:56:57,239] INFO 45 data_ingestion.py download_storessales_data() File :[D:\Storessalesproject\storessales\artifact\data_ingestion\2022-07-28-02-56-54\tgz_data\storessalesdata.tgz] has been downloaded successfully.
[2022-07-28 02:56:57,240] INFO 60 data_ingestion.py extract_tgz_file() Extracting tgz file: [D:\Storessalesproject\storessales\artifact\data_ingestion\2022-07-28-02-56-54\tgz_data\storessalesdata.tgz] into dir: [D:\Storessalesproject\storessales\artifact\data_ingestion\2022-07-28-02-56-54\raw_data]
[2022-07-28 02:56:57,259] INFO 63 data_ingestion.py extract_tgz_file() Extraction completed
[2022-07-28 02:56:57,259] INFO 77 data_ingestion.py split_data_as_train_test() Reading csv file: [D:\Storessalesproject\storessales\artifact\data_ingestion\2022-07-28-02-56-54\raw_data\storessalesdata.csv]
[2022-07-28 02:56:57,378] INFO 88 data_ingestion.py split_data_as_train_test() Splitting data into train and test
[2022-07-28 02:56:57,378] ERROR 16 demo.py main() 
        Error occured in script: 
        [ D:\Storessalesproject\storessales\pipeline\pipeline.py ] at 
        try block line number: [68] and exception block line number: [70] 
        error message: [
        Error occured in script: 
        [ D:\Storessalesproject\storessales\pipeline\pipeline.py ] at 
        try block line number: [45] and exception block line number: [48] 
        error message: [
        Error occured in script: 
        [ D:\Storessalesproject\storessales\component\data_ingestion.py ] at 
        try block line number: [131] and exception block line number: [133] 
        error message: [
        Error occured in script: 
        [ D:\Storessalesproject\storessales\component\data_ingestion.py ] at 
        try block line number: [94] and exception block line number: [124] 
        error message: ['StratifiedShuffleSplit' object has no attribute 'n_split']
        ]
        ]
        ]
        
[2022-07-28 02:56:57,452] INFO 138 data_ingestion.py __del__() >>>>>>>>>>>>>>>>>>>>>>>>>>>>>>>>>>>>>>>>Data Ingestion log completed.<<<<<<<<<<<<<<<<<<<<<<<<<<<<<<<<<<<<<<<< 


